<?xml version="1.0" encoding="UTF-8"?>
<!-- Generated by org.testng.reporters.JUnitXMLReporter -->
<testsuite ignored="3" hostname="DESKTOP-IR4AD9F" failures="0" tests="3" name="Login to Hotel Page" time="0.124" errors="0" timestamp="12 Jul 2020 15:39:11 GMT">
  <testcase classname="tests.TestNGConcepts" name="customerPage" time="0.012"/>
  <testcase classname="tests.TestNGConcepts" name="dashboard" time="0.004"/>
  <testcase classname="tests.TestNGConcepts" name="logout" time="0.002"/>
  <testcase classname="tests.TestNGConcepts" name="checkTitle" time="0.0">
    <ignored/>
  </testcase> <!-- checkTitle -->
  <testcase classname="tests.TestNGConcepts" name="homePage" time="0.0">
    <ignored/>
  </testcase> <!-- homePage -->
  <testcase classname="tests.TestNGConcepts" name="signIn" time="0.0">
    <ignored/>
  </testcase> <!-- signIn -->
</testsuite> <!-- Login to Hotel Page -->
